Determining if files unistd.h exist failed with the following output:
Change Dir: C:/Users/JM246044/Dev/planning-rob/dependencies/nlopt-2.4.2/build/CMakeFiles/CMakeTmp

Run Build Command:"C:/windows/Microsoft.NET/Framework/v4.0.30319/MSBuild.exe" "cmTryCompileExec3870144801.vcxproj" "/p:Configuration=Debug" "/p:VisualStudioVersion=10.0"
Microsoft (R) Build Engine, version 4.0.30319.34209
[Microsoft .NET Framework, Version 4.0.30319.34209]
Copyright (C) Microsoft Corporation. Tous droits r‚serv‚s.

La g‚n‚ration a d‚marr‚ 01/06/2015 18:52:24.
Projet "C:\Users\JM246044\Dev\planning-rob\dependencies\nlopt-2.4.2\build\CMakeFiles\CMakeTmp\cmTryCompileExec3870144801.vcxproj" sur le noud 1 (cibles par d‚faut).
PrepareForBuild:
  Cr‚ation du r‚pertoire "cmTryCompileExec3870144801.dir\Debug\".
  Cr‚ation du r‚pertoire "C:\Users\JM246044\Dev\planning-rob\dependencies\nlopt-2.4.2\build\CMakeFiles\CMakeTmp\Debug\".
InitializeBuildStatus:
  Cr‚ation de "cmTryCompileExec3870144801.dir\Debug\cmTryCompileExec3870144801.unsuccessfulbuild", car "AlwaysCreate" a ‚t‚ sp‚cifi‚.
ClCompile:
  c:\Program Files (x86)\Microsoft Visual Studio 10.0\VC\bin\CL.exe /c /Zi /W3 /WX- /Od /Ob0 /Oy- /D WIN32 /D _WINDOWS /D _DEBUG /D "CMAKE_INTDIR=\"Debug\"" /D _MBCS /Gm- /RTC1 /MDd /GS /fp:precise /Zc:wchar_t /Zc:forScope /Fo"cmTryCompileExec3870144801.dir\Debug\\" /Fd"cmTryCompileExec3870144801.dir\Debug\vc100.pdb" /Gd /TC /analyze- /errorReport:queue CheckIncludeFiles.c
  Microsoft (R) 32-bit C/C++ Optimizing Compiler Version 16.00.40219.01 for 80x86
  Copyright (C) Microsoft Corporation.  All rights reserved.
  
  cl /c /Zi /W3 /WX- /Od /Ob0 /Oy- /D WIN32 /D _WINDOWS /D _DEBUG /D "CMAKE_INTDIR=\"Debug\"" /D _MBCS /Gm- /RTC1 /MDd /GS /fp:precise /Zc:wchar_t /Zc:forScope /Fo"cmTryCompileExec3870144801.dir\Debug\\" /Fd"cmTryCompileExec3870144801.dir\Debug\vc100.pdb" /Gd /TC /analyze- /errorReport:queue CheckIncludeFiles.c
  
  CheckIncludeFiles.c
CheckIncludeFiles.c(2): fatal error C1083: Cannot open include file: 'unistd.h': No such file or directory [C:\Users\JM246044\Dev\planning-rob\dependencies\nlopt-2.4.2\build\CMakeFiles\CMakeTmp\cmTryCompileExec3870144801.vcxproj]
G‚n‚ration du projet "C:\Users\JM246044\Dev\planning-rob\dependencies\nlopt-2.4.2\build\CMakeFiles\CMakeTmp\cmTryCompileExec3870144801.vcxproj" termin‚e (cibles par d‚faut) -- CHEC.

CHEC de la build.

"C:\Users\JM246044\Dev\planning-rob\dependencies\nlopt-2.4.2\build\CMakeFiles\CMakeTmp\cmTryCompileExec3870144801.vcxproj" (cible par d‚faut) (1) ->
(ClCompile cible) -> 
  CheckIncludeFiles.c(2): fatal error C1083: Cannot open include file: 'unistd.h': No such file or directory [C:\Users\JM246044\Dev\planning-rob\dependencies\nlopt-2.4.2\build\CMakeFiles\CMakeTmp\cmTryCompileExec3870144801.vcxproj]

    0 Avertissement(s)
    1 Erreur(s)

Temps ‚coul‚ 00:00:00.28

Source:
/* */
#include <unistd.h>


int main(void){return 0;}

Determining if files strings.h exist failed with the following output:
Change Dir: C:/Users/JM246044/Dev/planning-rob/dependencies/nlopt-2.4.2/build/CMakeFiles/CMakeTmp

Run Build Command:"C:/windows/Microsoft.NET/Framework/v4.0.30319/MSBuild.exe" "cmTryCompileExec56291192.vcxproj" "/p:Configuration=Debug" "/p:VisualStudioVersion=10.0"
Microsoft (R) Build Engine, version 4.0.30319.34209
[Microsoft .NET Framework, Version 4.0.30319.34209]
Copyright (C) Microsoft Corporation. Tous droits r‚serv‚s.

La g‚n‚ration a d‚marr‚ 01/06/2015 18:52:26.
Projet "C:\Users\JM246044\Dev\planning-rob\dependencies\nlopt-2.4.2\build\CMakeFiles\CMakeTmp\cmTryCompileExec56291192.vcxproj" sur le noud 1 (cibles par d‚faut).
PrepareForBuild:
  Cr‚ation du r‚pertoire "cmTryCompileExec56291192.dir\Debug\".
  Cr‚ation du r‚pertoire "C:\Users\JM246044\Dev\planning-rob\dependencies\nlopt-2.4.2\build\CMakeFiles\CMakeTmp\Debug\".
InitializeBuildStatus:
  Cr‚ation de "cmTryCompileExec56291192.dir\Debug\cmTryCompileExec56291192.unsuccessfulbuild", car "AlwaysCreate" a ‚t‚ sp‚cifi‚.
ClCompile:
  c:\Program Files (x86)\Microsoft Visual Studio 10.0\VC\bin\CL.exe /c /Zi /W3 /WX- /Od /Ob0 /Oy- /D WIN32 /D _WINDOWS /D _DEBUG /D "CMAKE_INTDIR=\"Debug\"" /D _MBCS /Gm- /RTC1 /MDd /GS /fp:precise /Zc:wchar_t /Zc:forScope /Fo"cmTryCompileExec56291192.dir\Debug\\" /Fd"cmTryCompileExec56291192.dir\Debug\vc100.pdb" /Gd /TC /analyze- /errorReport:queue CheckIncludeFiles.c
  Microsoft (R) 32-bit C/C++ Optimizing Compiler Version 16.00.40219.01 for 80x86
  Copyright (C) Microsoft Corporation.  All rights reserved.
  
  cl /c /Zi /W3 /WX- /Od /Ob0 /Oy- /D WIN32 /D _WINDOWS /D _DEBUG /D "CMAKE_INTDIR=\"Debug\"" /D _MBCS /Gm- /RTC1 /MDd /GS /fp:precise /Zc:wchar_t /Zc:forScope /Fo"cmTryCompileExec56291192.dir\Debug\\" /Fd"cmTryCompileExec56291192.dir\Debug\vc100.pdb" /Gd /TC /analyze- /errorReport:queue CheckIncludeFiles.c
  
  CheckIncludeFiles.c
CheckIncludeFiles.c(2): fatal error C1083: Cannot open include file: 'strings.h': No such file or directory [C:\Users\JM246044\Dev\planning-rob\dependencies\nlopt-2.4.2\build\CMakeFiles\CMakeTmp\cmTryCompileExec56291192.vcxproj]
G‚n‚ration du projet "C:\Users\JM246044\Dev\planning-rob\dependencies\nlopt-2.4.2\build\CMakeFiles\CMakeTmp\cmTryCompileExec56291192.vcxproj" termin‚e (cibles par d‚faut) -- CHEC.

CHEC de la build.

"C:\Users\JM246044\Dev\planning-rob\dependencies\nlopt-2.4.2\build\CMakeFiles\CMakeTmp\cmTryCompileExec56291192.vcxproj" (cible par d‚faut) (1) ->
(ClCompile cible) -> 
  CheckIncludeFiles.c(2): fatal error C1083: Cannot open include file: 'strings.h': No such file or directory [C:\Users\JM246044\Dev\planning-rob\dependencies\nlopt-2.4.2\build\CMakeFiles\CMakeTmp\cmTryCompileExec56291192.vcxproj]

    0 Avertissement(s)
    1 Erreur(s)

Temps ‚coul‚ 00:00:00.38

Source:
/* */
#include <strings.h>


int main(void){return 0;}

Determining if files inttypes.h exist failed with the following output:
Change Dir: C:/Users/JM246044/Dev/planning-rob/dependencies/nlopt-2.4.2/build/CMakeFiles/CMakeTmp

Run Build Command:"C:/windows/Microsoft.NET/Framework/v4.0.30319/MSBuild.exe" "cmTryCompileExec4017045816.vcxproj" "/p:Configuration=Debug" "/p:VisualStudioVersion=10.0"
Microsoft (R) Build Engine, version 4.0.30319.34209
[Microsoft .NET Framework, Version 4.0.30319.34209]
Copyright (C) Microsoft Corporation. Tous droits r‚serv‚s.

La g‚n‚ration a d‚marr‚ 01/06/2015 18:52:29.
Projet "C:\Users\JM246044\Dev\planning-rob\dependencies\nlopt-2.4.2\build\CMakeFiles\CMakeTmp\cmTryCompileExec4017045816.vcxproj" sur le noud 1 (cibles par d‚faut).
PrepareForBuild:
  Cr‚ation du r‚pertoire "cmTryCompileExec4017045816.dir\Debug\".
  Cr‚ation du r‚pertoire "C:\Users\JM246044\Dev\planning-rob\dependencies\nlopt-2.4.2\build\CMakeFiles\CMakeTmp\Debug\".
InitializeBuildStatus:
  Cr‚ation de "cmTryCompileExec4017045816.dir\Debug\cmTryCompileExec4017045816.unsuccessfulbuild", car "AlwaysCreate" a ‚t‚ sp‚cifi‚.
ClCompile:
  c:\Program Files (x86)\Microsoft Visual Studio 10.0\VC\bin\CL.exe /c /Zi /W3 /WX- /Od /Ob0 /Oy- /D WIN32 /D _WINDOWS /D _DEBUG /D "CMAKE_INTDIR=\"Debug\"" /D _MBCS /Gm- /RTC1 /MDd /GS /fp:precise /Zc:wchar_t /Zc:forScope /Fo"cmTryCompileExec4017045816.dir\Debug\\" /Fd"cmTryCompileExec4017045816.dir\Debug\vc100.pdb" /Gd /TC /analyze- /errorReport:queue CheckIncludeFiles.c
  Microsoft (R) 32-bit C/C++ Optimizing Compiler Version 16.00.40219.01 for 80x86
  Copyright (C) Microsoft Corporation.  All rights reserved.
  
  cl /c /Zi /W3 /WX- /Od /Ob0 /Oy- /D WIN32 /D _WINDOWS /D _DEBUG /D "CMAKE_INTDIR=\"Debug\"" /D _MBCS /Gm- /RTC1 /MDd /GS /fp:precise /Zc:wchar_t /Zc:forScope /Fo"cmTryCompileExec4017045816.dir\Debug\\" /Fd"cmTryCompileExec4017045816.dir\Debug\vc100.pdb" /Gd /TC /analyze- /errorReport:queue CheckIncludeFiles.c
  
  CheckIncludeFiles.c
CheckIncludeFiles.c(2): fatal error C1083: Cannot open include file: 'inttypes.h': No such file or directory [C:\Users\JM246044\Dev\planning-rob\dependencies\nlopt-2.4.2\build\CMakeFiles\CMakeTmp\cmTryCompileExec4017045816.vcxproj]
G‚n‚ration du projet "C:\Users\JM246044\Dev\planning-rob\dependencies\nlopt-2.4.2\build\CMakeFiles\CMakeTmp\cmTryCompileExec4017045816.vcxproj" termin‚e (cibles par d‚faut) -- CHEC.

CHEC de la build.

"C:\Users\JM246044\Dev\planning-rob\dependencies\nlopt-2.4.2\build\CMakeFiles\CMakeTmp\cmTryCompileExec4017045816.vcxproj" (cible par d‚faut) (1) ->
(ClCompile cible) -> 
  CheckIncludeFiles.c(2): fatal error C1083: Cannot open include file: 'inttypes.h': No such file or directory [C:\Users\JM246044\Dev\planning-rob\dependencies\nlopt-2.4.2\build\CMakeFiles\CMakeTmp\cmTryCompileExec4017045816.vcxproj]

    0 Avertissement(s)
    1 Erreur(s)

Temps ‚coul‚ 00:00:00.91

Source:
/* */
#include <inttypes.h>


int main(void){return 0;}

Determining if the function isinf exists failed with the following output:
Change Dir: C:/Users/JM246044/Dev/planning-rob/dependencies/nlopt-2.4.2/build/CMakeFiles/CMakeTmp

Run Build Command:"C:/windows/Microsoft.NET/Framework/v4.0.30319/MSBuild.exe" "cmTryCompileExec3545775394.vcxproj" "/p:Configuration=Debug" "/p:VisualStudioVersion=10.0"
Microsoft (R) Build Engine, version 4.0.30319.34209
[Microsoft .NET Framework, Version 4.0.30319.34209]
Copyright (C) Microsoft Corporation. Tous droits r‚serv‚s.

La g‚n‚ration a d‚marr‚ 01/06/2015 18:52:37.
Projet "C:\Users\JM246044\Dev\planning-rob\dependencies\nlopt-2.4.2\build\CMakeFiles\CMakeTmp\cmTryCompileExec3545775394.vcxproj" sur le noud 1 (cibles par d‚faut).
PrepareForBuild:
  Cr‚ation du r‚pertoire "cmTryCompileExec3545775394.dir\Debug\".
  Cr‚ation du r‚pertoire "C:\Users\JM246044\Dev\planning-rob\dependencies\nlopt-2.4.2\build\CMakeFiles\CMakeTmp\Debug\".
InitializeBuildStatus:
  Cr‚ation de "cmTryCompileExec3545775394.dir\Debug\cmTryCompileExec3545775394.unsuccessfulbuild", car "AlwaysCreate" a ‚t‚ sp‚cifi‚.
ClCompile:
  c:\Program Files (x86)\Microsoft Visual Studio 10.0\VC\bin\CL.exe /c /Zi /W3 /WX- /Od /Ob0 /Oy- /D WIN32 /D _WINDOWS /D CHECK_FUNCTION_EXISTS=isinf /D _DEBUG /D "CMAKE_INTDIR=\"Debug\"" /D _MBCS /Gm- /RTC1 /MDd /GS /fp:precise /Zc:wchar_t /Zc:forScope /Fo"cmTryCompileExec3545775394.dir\Debug\\" /Fd"cmTryCompileExec3545775394.dir\Debug\vc100.pdb" /Gd /TC /analyze- /errorReport:queue "..\..\..\..\..\..\..\..\..\Program Files (x86)\CMake\share\cmake-3.2\Modules\CheckFunctionExists.c"
  Microsoft (R) 32-bit C/C++ Optimizing Compiler Version 16.00.40219.01 for 80x86
  Copyright (C) Microsoft Corporation.  All rights reserved.
  
  cl /c /Zi /W3 /WX- /Od /Ob0 /Oy- /D WIN32 /D _WINDOWS /D CHECK_FUNCTION_EXISTS=isinf /D _DEBUG /D "CMAKE_INTDIR=\"Debug\"" /D _MBCS /Gm- /RTC1 /MDd /GS /fp:precise /Zc:wchar_t /Zc:forScope /Fo"cmTryCompileExec3545775394.dir\Debug\\" /Fd"cmTryCompileExec3545775394.dir\Debug\vc100.pdb" /Gd /TC /analyze- /errorReport:queue "..\..\..\..\..\..\..\..\..\Program Files (x86)\CMake\share\cmake-3.2\Modules\CheckFunctionExists.c"
  
  CheckFunctionExists.c
ManifestResourceCompile:
  C:\Program Files (x86)\Microsoft SDKs\Windows\v7.0A\bin\rc.exe /nologo /fo"cmTryCompileExec3545775394.dir\Debug\cmTryCompileExec3545775394.exe.embed.manifest.res" cmTryCompileExec3545775394.dir\Debug\cmTryCompileExec3545775394_manifest.rc 
Link:
  c:\Program Files (x86)\Microsoft Visual Studio 10.0\VC\bin\link.exe /ERRORREPORT:QUEUE /OUT:"C:\Users\JM246044\Dev\planning-rob\dependencies\nlopt-2.4.2\build\CMakeFiles\CMakeTmp\Debug\cmTryCompileExec3545775394.exe" /INCREMENTAL /NOLOGO kernel32.lib user32.lib gdi32.lib winspool.lib shell32.lib ole32.lib oleaut32.lib uuid.lib comdlg32.lib advapi32.lib /MANIFEST /ManifestFile:"cmTryCompileExec3545775394.dir\Debug\cmTryCompileExec3545775394.exe.intermediate.manifest" /MANIFESTUAC:"level='asInvoker' uiAccess='false'" /DEBUG /PDB:"C:/Users/JM246044/Dev/planning-rob/dependencies/nlopt-2.4.2/build/CMakeFiles/CMakeTmp/Debug/cmTryCompileExec3545775394.pdb" /SUBSYSTEM:CONSOLE /TLBID:1 /DYNAMICBASE /NXCOMPAT /IMPLIB:"C:/Users/JM246044/Dev/planning-rob/dependencies/nlopt-2.4.2/build/CMakeFiles/CMakeTmp/Debug/cmTryCompileExec3545775394.lib" /MACHINE:X86 cmTryCompileExec3545775394.dir\Debug\cmTryCompileExec3545775394.exe.embed.manifest.res
  cmTryCompileExec3545775394.dir\Debug\CheckFunctionExists.obj  /machine:X86 /debug 
CheckFunctionExists.obj : error LNK2019: unresolved external symbol _isinf referenced in function _main [C:\Users\JM246044\Dev\planning-rob\dependencies\nlopt-2.4.2\build\CMakeFiles\CMakeTmp\cmTryCompileExec3545775394.vcxproj]
C:\Users\JM246044\Dev\planning-rob\dependencies\nlopt-2.4.2\build\CMakeFiles\CMakeTmp\Debug\cmTryCompileExec3545775394.exe : fatal error LNK1120: 1 unresolved externals [C:\Users\JM246044\Dev\planning-rob\dependencies\nlopt-2.4.2\build\CMakeFiles\CMakeTmp\cmTryCompileExec3545775394.vcxproj]
G‚n‚ration du projet "C:\Users\JM246044\Dev\planning-rob\dependencies\nlopt-2.4.2\build\CMakeFiles\CMakeTmp\cmTryCompileExec3545775394.vcxproj" termin‚e (cibles par d‚faut) -- CHEC.

CHEC de la build.

"C:\Users\JM246044\Dev\planning-rob\dependencies\nlopt-2.4.2\build\CMakeFiles\CMakeTmp\cmTryCompileExec3545775394.vcxproj" (cible par d‚faut) (1) ->
(Link cible) -> 
  CheckFunctionExists.obj : error LNK2019: unresolved external symbol _isinf referenced in function _main [C:\Users\JM246044\Dev\planning-rob\dependencies\nlopt-2.4.2\build\CMakeFiles\CMakeTmp\cmTryCompileExec3545775394.vcxproj]
  C:\Users\JM246044\Dev\planning-rob\dependencies\nlopt-2.4.2\build\CMakeFiles\CMakeTmp\Debug\cmTryCompileExec3545775394.exe : fatal error LNK1120: 1 unresolved externals [C:\Users\JM246044\Dev\planning-rob\dependencies\nlopt-2.4.2\build\CMakeFiles\CMakeTmp\cmTryCompileExec3545775394.vcxproj]

    0 Avertissement(s)
    2 Erreur(s)

Temps ‚coul‚ 00:00:01.00


Determining if the function isinf exists failed with the following output:
Change Dir: C:/Users/JM246044/Dev/planning-rob/dependencies/nlopt-2.4.2/build/CMakeFiles/CMakeTmp

Run Build Command:"C:/windows/Microsoft.NET/Framework/v4.0.30319/MSBuild.exe" "cmTryCompileExec2071574787.vcxproj" "/p:Configuration=Debug" "/p:VisualStudioVersion=10.0"
Microsoft (R) Build Engine, version 4.0.30319.34209
[Microsoft .NET Framework, Version 4.0.30319.34209]
Copyright (C) Microsoft Corporation. Tous droits r‚serv‚s.

La g‚n‚ration a d‚marr‚ 01/06/2015 18:52:38.
Projet "C:\Users\JM246044\Dev\planning-rob\dependencies\nlopt-2.4.2\build\CMakeFiles\CMakeTmp\cmTryCompileExec2071574787.vcxproj" sur le noud 1 (cibles par d‚faut).
PrepareForBuild:
  Cr‚ation du r‚pertoire "cmTryCompileExec2071574787.dir\Debug\".
  Cr‚ation du r‚pertoire "C:\Users\JM246044\Dev\planning-rob\dependencies\nlopt-2.4.2\build\CMakeFiles\CMakeTmp\Debug\".
InitializeBuildStatus:
  Cr‚ation de "cmTryCompileExec2071574787.dir\Debug\cmTryCompileExec2071574787.unsuccessfulbuild", car "AlwaysCreate" a ‚t‚ sp‚cifi‚.
ClCompile:
  c:\Program Files (x86)\Microsoft Visual Studio 10.0\VC\bin\CL.exe /c /Zi /W3 /WX- /Od /Ob0 /Oy- /D WIN32 /D _WINDOWS /D CHECK_FUNCTION_EXISTS=isinf /D _DEBUG /D "CMAKE_INTDIR=\"Debug\"" /D _MBCS /Gm- /RTC1 /MDd /GS /fp:precise /Zc:wchar_t /Zc:forScope /Fo"cmTryCompileExec2071574787.dir\Debug\\" /Fd"cmTryCompileExec2071574787.dir\Debug\vc100.pdb" /Gd /TC /analyze- /errorReport:queue "..\..\..\..\..\..\..\..\..\Program Files (x86)\CMake\share\cmake-3.2\Modules\CheckFunctionExists.c"
  Microsoft (R) 32-bit C/C++ Optimizing Compiler Version 16.00.40219.01 for 80x86
  Copyright (C) Microsoft Corporation.  All rights reserved.
  
  cl /c /Zi /W3 /WX- /Od /Ob0 /Oy- /D WIN32 /D _WINDOWS /D CHECK_FUNCTION_EXISTS=isinf /D _DEBUG /D "CMAKE_INTDIR=\"Debug\"" /D _MBCS /Gm- /RTC1 /MDd /GS /fp:precise /Zc:wchar_t /Zc:forScope /Fo"cmTryCompileExec2071574787.dir\Debug\\" /Fd"cmTryCompileExec2071574787.dir\Debug\vc100.pdb" /Gd /TC /analyze- /errorReport:queue "..\..\..\..\..\..\..\..\..\Program Files (x86)\CMake\share\cmake-3.2\Modules\CheckFunctionExists.c"
  
  CheckFunctionExists.c
ManifestResourceCompile:
  C:\Program Files (x86)\Microsoft SDKs\Windows\v7.0A\bin\rc.exe /nologo /fo"cmTryCompileExec2071574787.dir\Debug\cmTryCompileExec2071574787.exe.embed.manifest.res" cmTryCompileExec2071574787.dir\Debug\cmTryCompileExec2071574787_manifest.rc 
Link:
  c:\Program Files (x86)\Microsoft Visual Studio 10.0\VC\bin\link.exe /ERRORREPORT:QUEUE /OUT:"C:\Users\JM246044\Dev\planning-rob\dependencies\nlopt-2.4.2\build\CMakeFiles\CMakeTmp\Debug\cmTryCompileExec2071574787.exe" /INCREMENTAL /NOLOGO kernel32.lib user32.lib gdi32.lib winspool.lib shell32.lib ole32.lib oleaut32.lib uuid.lib comdlg32.lib advapi32.lib /MANIFEST /ManifestFile:"cmTryCompileExec2071574787.dir\Debug\cmTryCompileExec2071574787.exe.intermediate.manifest" /MANIFESTUAC:"level='asInvoker' uiAccess='false'" /DEBUG /PDB:"C:/Users/JM246044/Dev/planning-rob/dependencies/nlopt-2.4.2/build/CMakeFiles/CMakeTmp/Debug/cmTryCompileExec2071574787.pdb" /SUBSYSTEM:CONSOLE /TLBID:1 /DYNAMICBASE /NXCOMPAT /IMPLIB:"C:/Users/JM246044/Dev/planning-rob/dependencies/nlopt-2.4.2/build/CMakeFiles/CMakeTmp/Debug/cmTryCompileExec2071574787.lib" /MACHINE:X86 cmTryCompileExec2071574787.dir\Debug\cmTryCompileExec2071574787.exe.embed.manifest.res
  cmTryCompileExec2071574787.dir\Debug\CheckFunctionExists.obj  /machine:X86 /debug 
CheckFunctionExists.obj : error LNK2019: unresolved external symbol _isinf referenced in function _main [C:\Users\JM246044\Dev\planning-rob\dependencies\nlopt-2.4.2\build\CMakeFiles\CMakeTmp\cmTryCompileExec2071574787.vcxproj]
C:\Users\JM246044\Dev\planning-rob\dependencies\nlopt-2.4.2\build\CMakeFiles\CMakeTmp\Debug\cmTryCompileExec2071574787.exe : fatal error LNK1120: 1 unresolved externals [C:\Users\JM246044\Dev\planning-rob\dependencies\nlopt-2.4.2\build\CMakeFiles\CMakeTmp\cmTryCompileExec2071574787.vcxproj]
G‚n‚ration du projet "C:\Users\JM246044\Dev\planning-rob\dependencies\nlopt-2.4.2\build\CMakeFiles\CMakeTmp\cmTryCompileExec2071574787.vcxproj" termin‚e (cibles par d‚faut) -- CHEC.

CHEC de la build.

"C:\Users\JM246044\Dev\planning-rob\dependencies\nlopt-2.4.2\build\CMakeFiles\CMakeTmp\cmTryCompileExec2071574787.vcxproj" (cible par d‚faut) (1) ->
(Link cible) -> 
  CheckFunctionExists.obj : error LNK2019: unresolved external symbol _isinf referenced in function _main [C:\Users\JM246044\Dev\planning-rob\dependencies\nlopt-2.4.2\build\CMakeFiles\CMakeTmp\cmTryCompileExec2071574787.vcxproj]
  C:\Users\JM246044\Dev\planning-rob\dependencies\nlopt-2.4.2\build\CMakeFiles\CMakeTmp\Debug\cmTryCompileExec2071574787.exe : fatal error LNK1120: 1 unresolved externals [C:\Users\JM246044\Dev\planning-rob\dependencies\nlopt-2.4.2\build\CMakeFiles\CMakeTmp\cmTryCompileExec2071574787.vcxproj]

    0 Avertissement(s)
    2 Erreur(s)

Temps ‚coul‚ 00:00:00.50


Determining if the function gettimeofday exists failed with the following output:
Change Dir: C:/Users/JM246044/Dev/planning-rob/dependencies/nlopt-2.4.2/build/CMakeFiles/CMakeTmp

Run Build Command:"C:/windows/Microsoft.NET/Framework/v4.0.30319/MSBuild.exe" "cmTryCompileExec2257140639.vcxproj" "/p:Configuration=Debug" "/p:VisualStudioVersion=10.0"
Microsoft (R) Build Engine, version 4.0.30319.34209
[Microsoft .NET Framework, Version 4.0.30319.34209]
Copyright (C) Microsoft Corporation. Tous droits r‚serv‚s.

La g‚n‚ration a d‚marr‚ 01/06/2015 18:52:39.
Projet "C:\Users\JM246044\Dev\planning-rob\dependencies\nlopt-2.4.2\build\CMakeFiles\CMakeTmp\cmTryCompileExec2257140639.vcxproj" sur le noud 1 (cibles par d‚faut).
PrepareForBuild:
  Cr‚ation du r‚pertoire "cmTryCompileExec2257140639.dir\Debug\".
  Cr‚ation du r‚pertoire "C:\Users\JM246044\Dev\planning-rob\dependencies\nlopt-2.4.2\build\CMakeFiles\CMakeTmp\Debug\".
InitializeBuildStatus:
  Cr‚ation de "cmTryCompileExec2257140639.dir\Debug\cmTryCompileExec2257140639.unsuccessfulbuild", car "AlwaysCreate" a ‚t‚ sp‚cifi‚.
ClCompile:
  c:\Program Files (x86)\Microsoft Visual Studio 10.0\VC\bin\CL.exe /c /Zi /W3 /WX- /Od /Ob0 /Oy- /D WIN32 /D _WINDOWS /D CHECK_FUNCTION_EXISTS=gettimeofday /D _DEBUG /D "CMAKE_INTDIR=\"Debug\"" /D _MBCS /Gm- /RTC1 /MDd /GS /fp:precise /Zc:wchar_t /Zc:forScope /Fo"cmTryCompileExec2257140639.dir\Debug\\" /Fd"cmTryCompileExec2257140639.dir\Debug\vc100.pdb" /Gd /TC /analyze- /errorReport:queue "..\..\..\..\..\..\..\..\..\Program Files (x86)\CMake\share\cmake-3.2\Modules\CheckFunctionExists.c"
  Microsoft (R) 32-bit C/C++ Optimizing Compiler Version 16.00.40219.01 for 80x86
  Copyright (C) Microsoft Corporation.  All rights reserved.
  
  cl /c /Zi /W3 /WX- /Od /Ob0 /Oy- /D WIN32 /D _WINDOWS /D CHECK_FUNCTION_EXISTS=gettimeofday /D _DEBUG /D "CMAKE_INTDIR=\"Debug\"" /D _MBCS /Gm- /RTC1 /MDd /GS /fp:precise /Zc:wchar_t /Zc:forScope /Fo"cmTryCompileExec2257140639.dir\Debug\\" /Fd"cmTryCompileExec2257140639.dir\Debug\vc100.pdb" /Gd /TC /analyze- /errorReport:queue "..\..\..\..\..\..\..\..\..\Program Files (x86)\CMake\share\cmake-3.2\Modules\CheckFunctionExists.c"
  
  CheckFunctionExists.c
ManifestResourceCompile:
  C:\Program Files (x86)\Microsoft SDKs\Windows\v7.0A\bin\rc.exe /nologo /fo"cmTryCompileExec2257140639.dir\Debug\cmTryCompileExec2257140639.exe.embed.manifest.res" cmTryCompileExec2257140639.dir\Debug\cmTryCompileExec2257140639_manifest.rc 
Link:
  c:\Program Files (x86)\Microsoft Visual Studio 10.0\VC\bin\link.exe /ERRORREPORT:QUEUE /OUT:"C:\Users\JM246044\Dev\planning-rob\dependencies\nlopt-2.4.2\build\CMakeFiles\CMakeTmp\Debug\cmTryCompileExec2257140639.exe" /INCREMENTAL /NOLOGO kernel32.lib user32.lib gdi32.lib winspool.lib shell32.lib ole32.lib oleaut32.lib uuid.lib comdlg32.lib advapi32.lib /MANIFEST /ManifestFile:"cmTryCompileExec2257140639.dir\Debug\cmTryCompileExec2257140639.exe.intermediate.manifest" /MANIFESTUAC:"level='asInvoker' uiAccess='false'" /DEBUG /PDB:"C:/Users/JM246044/Dev/planning-rob/dependencies/nlopt-2.4.2/build/CMakeFiles/CMakeTmp/Debug/cmTryCompileExec2257140639.pdb" /SUBSYSTEM:CONSOLE /TLBID:1 /DYNAMICBASE /NXCOMPAT /IMPLIB:"C:/Users/JM246044/Dev/planning-rob/dependencies/nlopt-2.4.2/build/CMakeFiles/CMakeTmp/Debug/cmTryCompileExec2257140639.lib" /MACHINE:X86 cmTryCompileExec2257140639.dir\Debug\cmTryCompileExec2257140639.exe.embed.manifest.res
  cmTryCompileExec2257140639.dir\Debug\CheckFunctionExists.obj  /machine:X86 /debug 
CheckFunctionExists.obj : error LNK2019: unresolved external symbol _gettimeofday referenced in function _main [C:\Users\JM246044\Dev\planning-rob\dependencies\nlopt-2.4.2\build\CMakeFiles\CMakeTmp\cmTryCompileExec2257140639.vcxproj]
C:\Users\JM246044\Dev\planning-rob\dependencies\nlopt-2.4.2\build\CMakeFiles\CMakeTmp\Debug\cmTryCompileExec2257140639.exe : fatal error LNK1120: 1 unresolved externals [C:\Users\JM246044\Dev\planning-rob\dependencies\nlopt-2.4.2\build\CMakeFiles\CMakeTmp\cmTryCompileExec2257140639.vcxproj]
G‚n‚ration du projet "C:\Users\JM246044\Dev\planning-rob\dependencies\nlopt-2.4.2\build\CMakeFiles\CMakeTmp\cmTryCompileExec2257140639.vcxproj" termin‚e (cibles par d‚faut) -- CHEC.

CHEC de la build.

"C:\Users\JM246044\Dev\planning-rob\dependencies\nlopt-2.4.2\build\CMakeFiles\CMakeTmp\cmTryCompileExec2257140639.vcxproj" (cible par d‚faut) (1) ->
(Link cible) -> 
  CheckFunctionExists.obj : error LNK2019: unresolved external symbol _gettimeofday referenced in function _main [C:\Users\JM246044\Dev\planning-rob\dependencies\nlopt-2.4.2\build\CMakeFiles\CMakeTmp\cmTryCompileExec2257140639.vcxproj]
  C:\Users\JM246044\Dev\planning-rob\dependencies\nlopt-2.4.2\build\CMakeFiles\CMakeTmp\Debug\cmTryCompileExec2257140639.exe : fatal error LNK1120: 1 unresolved externals [C:\Users\JM246044\Dev\planning-rob\dependencies\nlopt-2.4.2\build\CMakeFiles\CMakeTmp\cmTryCompileExec2257140639.vcxproj]

    0 Avertissement(s)
    2 Erreur(s)

Temps ‚coul‚ 00:00:00.49


Determining if the function qsort_r exists failed with the following output:
Change Dir: C:/Users/JM246044/Dev/planning-rob/dependencies/nlopt-2.4.2/build/CMakeFiles/CMakeTmp

Run Build Command:"C:/windows/Microsoft.NET/Framework/v4.0.30319/MSBuild.exe" "cmTryCompileExec2009040182.vcxproj" "/p:Configuration=Debug" "/p:VisualStudioVersion=10.0"
Microsoft (R) Build Engine, version 4.0.30319.34209
[Microsoft .NET Framework, Version 4.0.30319.34209]
Copyright (C) Microsoft Corporation. Tous droits r‚serv‚s.

La g‚n‚ration a d‚marr‚ 01/06/2015 18:52:40.
Projet "C:\Users\JM246044\Dev\planning-rob\dependencies\nlopt-2.4.2\build\CMakeFiles\CMakeTmp\cmTryCompileExec2009040182.vcxproj" sur le noud 1 (cibles par d‚faut).
PrepareForBuild:
  Cr‚ation du r‚pertoire "cmTryCompileExec2009040182.dir\Debug\".
  Cr‚ation du r‚pertoire "C:\Users\JM246044\Dev\planning-rob\dependencies\nlopt-2.4.2\build\CMakeFiles\CMakeTmp\Debug\".
InitializeBuildStatus:
  Cr‚ation de "cmTryCompileExec2009040182.dir\Debug\cmTryCompileExec2009040182.unsuccessfulbuild", car "AlwaysCreate" a ‚t‚ sp‚cifi‚.
ClCompile:
  c:\Program Files (x86)\Microsoft Visual Studio 10.0\VC\bin\CL.exe /c /Zi /W3 /WX- /Od /Ob0 /Oy- /D WIN32 /D _WINDOWS /D CHECK_FUNCTION_EXISTS=qsort_r /D _DEBUG /D "CMAKE_INTDIR=\"Debug\"" /D _MBCS /Gm- /RTC1 /MDd /GS /fp:precise /Zc:wchar_t /Zc:forScope /Fo"cmTryCompileExec2009040182.dir\Debug\\" /Fd"cmTryCompileExec2009040182.dir\Debug\vc100.pdb" /Gd /TC /analyze- /errorReport:queue "..\..\..\..\..\..\..\..\..\Program Files (x86)\CMake\share\cmake-3.2\Modules\CheckFunctionExists.c"
  Microsoft (R) 32-bit C/C++ Optimizing Compiler Version 16.00.40219.01 for 80x86
  Copyright (C) Microsoft Corporation.  All rights reserved.
  
  cl /c /Zi /W3 /WX- /Od /Ob0 /Oy- /D WIN32 /D _WINDOWS /D CHECK_FUNCTION_EXISTS=qsort_r /D _DEBUG /D "CMAKE_INTDIR=\"Debug\"" /D _MBCS /Gm- /RTC1 /MDd /GS /fp:precise /Zc:wchar_t /Zc:forScope /Fo"cmTryCompileExec2009040182.dir\Debug\\" /Fd"cmTryCompileExec2009040182.dir\Debug\vc100.pdb" /Gd /TC /analyze- /errorReport:queue "..\..\..\..\..\..\..\..\..\Program Files (x86)\CMake\share\cmake-3.2\Modules\CheckFunctionExists.c"
  
  CheckFunctionExists.c
ManifestResourceCompile:
  C:\Program Files (x86)\Microsoft SDKs\Windows\v7.0A\bin\rc.exe /nologo /fo"cmTryCompileExec2009040182.dir\Debug\cmTryCompileExec2009040182.exe.embed.manifest.res" cmTryCompileExec2009040182.dir\Debug\cmTryCompileExec2009040182_manifest.rc 
Link:
  c:\Program Files (x86)\Microsoft Visual Studio 10.0\VC\bin\link.exe /ERRORREPORT:QUEUE /OUT:"C:\Users\JM246044\Dev\planning-rob\dependencies\nlopt-2.4.2\build\CMakeFiles\CMakeTmp\Debug\cmTryCompileExec2009040182.exe" /INCREMENTAL /NOLOGO kernel32.lib user32.lib gdi32.lib winspool.lib shell32.lib ole32.lib oleaut32.lib uuid.lib comdlg32.lib advapi32.lib /MANIFEST /ManifestFile:"cmTryCompileExec2009040182.dir\Debug\cmTryCompileExec2009040182.exe.intermediate.manifest" /MANIFESTUAC:"level='asInvoker' uiAccess='false'" /DEBUG /PDB:"C:/Users/JM246044/Dev/planning-rob/dependencies/nlopt-2.4.2/build/CMakeFiles/CMakeTmp/Debug/cmTryCompileExec2009040182.pdb" /SUBSYSTEM:CONSOLE /TLBID:1 /DYNAMICBASE /NXCOMPAT /IMPLIB:"C:/Users/JM246044/Dev/planning-rob/dependencies/nlopt-2.4.2/build/CMakeFiles/CMakeTmp/Debug/cmTryCompileExec2009040182.lib" /MACHINE:X86 cmTryCompileExec2009040182.dir\Debug\cmTryCompileExec2009040182.exe.embed.manifest.res
  cmTryCompileExec2009040182.dir\Debug\CheckFunctionExists.obj  /machine:X86 /debug 
CheckFunctionExists.obj : error LNK2019: unresolved external symbol _qsort_r referenced in function _main [C:\Users\JM246044\Dev\planning-rob\dependencies\nlopt-2.4.2\build\CMakeFiles\CMakeTmp\cmTryCompileExec2009040182.vcxproj]
C:\Users\JM246044\Dev\planning-rob\dependencies\nlopt-2.4.2\build\CMakeFiles\CMakeTmp\Debug\cmTryCompileExec2009040182.exe : fatal error LNK1120: 1 unresolved externals [C:\Users\JM246044\Dev\planning-rob\dependencies\nlopt-2.4.2\build\CMakeFiles\CMakeTmp\cmTryCompileExec2009040182.vcxproj]
G‚n‚ration du projet "C:\Users\JM246044\Dev\planning-rob\dependencies\nlopt-2.4.2\build\CMakeFiles\CMakeTmp\cmTryCompileExec2009040182.vcxproj" termin‚e (cibles par d‚faut) -- CHEC.

CHEC de la build.

"C:\Users\JM246044\Dev\planning-rob\dependencies\nlopt-2.4.2\build\CMakeFiles\CMakeTmp\cmTryCompileExec2009040182.vcxproj" (cible par d‚faut) (1) ->
(Link cible) -> 
  CheckFunctionExists.obj : error LNK2019: unresolved external symbol _qsort_r referenced in function _main [C:\Users\JM246044\Dev\planning-rob\dependencies\nlopt-2.4.2\build\CMakeFiles\CMakeTmp\cmTryCompileExec2009040182.vcxproj]
  C:\Users\JM246044\Dev\planning-rob\dependencies\nlopt-2.4.2\build\CMakeFiles\CMakeTmp\Debug\cmTryCompileExec2009040182.exe : fatal error LNK1120: 1 unresolved externals [C:\Users\JM246044\Dev\planning-rob\dependencies\nlopt-2.4.2\build\CMakeFiles\CMakeTmp\cmTryCompileExec2009040182.vcxproj]

    0 Avertissement(s)
    2 Erreur(s)

Temps ‚coul‚ 00:00:01.05


Determining if the function copysign exists failed with the following output:
Change Dir: C:/Users/JM246044/Dev/planning-rob/dependencies/nlopt-2.4.2/build/CMakeFiles/CMakeTmp

Run Build Command:"C:/windows/Microsoft.NET/Framework/v4.0.30319/MSBuild.exe" "cmTryCompileExec456451411.vcxproj" "/p:Configuration=Debug" "/p:VisualStudioVersion=10.0"
Microsoft (R) Build Engine, version 4.0.30319.34209
[Microsoft .NET Framework, Version 4.0.30319.34209]
Copyright (C) Microsoft Corporation. Tous droits r‚serv‚s.

La g‚n‚ration a d‚marr‚ 01/06/2015 18:52:43.
Projet "C:\Users\JM246044\Dev\planning-rob\dependencies\nlopt-2.4.2\build\CMakeFiles\CMakeTmp\cmTryCompileExec456451411.vcxproj" sur le noud 1 (cibles par d‚faut).
PrepareForBuild:
  Cr‚ation du r‚pertoire "cmTryCompileExec456451411.dir\Debug\".
  Cr‚ation du r‚pertoire "C:\Users\JM246044\Dev\planning-rob\dependencies\nlopt-2.4.2\build\CMakeFiles\CMakeTmp\Debug\".
InitializeBuildStatus:
  Cr‚ation de "cmTryCompileExec456451411.dir\Debug\cmTryCompileExec456451411.unsuccessfulbuild", car "AlwaysCreate" a ‚t‚ sp‚cifi‚.
ClCompile:
  c:\Program Files (x86)\Microsoft Visual Studio 10.0\VC\bin\CL.exe /c /Zi /W3 /WX- /Od /Ob0 /Oy- /D WIN32 /D _WINDOWS /D CHECK_FUNCTION_EXISTS=copysign /D _DEBUG /D "CMAKE_INTDIR=\"Debug\"" /D _MBCS /Gm- /RTC1 /MDd /GS /fp:precise /Zc:wchar_t /Zc:forScope /Fo"cmTryCompileExec456451411.dir\Debug\\" /Fd"cmTryCompileExec456451411.dir\Debug\vc100.pdb" /Gd /TC /analyze- /errorReport:queue "..\..\..\..\..\..\..\..\..\Program Files (x86)\CMake\share\cmake-3.2\Modules\CheckFunctionExists.c"
  Microsoft (R) 32-bit C/C++ Optimizing Compiler Version 16.00.40219.01 for 80x86
  Copyright (C) Microsoft Corporation.  All rights reserved.
  
  cl /c /Zi /W3 /WX- /Od /Ob0 /Oy- /D WIN32 /D _WINDOWS /D CHECK_FUNCTION_EXISTS=copysign /D _DEBUG /D "CMAKE_INTDIR=\"Debug\"" /D _MBCS /Gm- /RTC1 /MDd /GS /fp:precise /Zc:wchar_t /Zc:forScope /Fo"cmTryCompileExec456451411.dir\Debug\\" /Fd"cmTryCompileExec456451411.dir\Debug\vc100.pdb" /Gd /TC /analyze- /errorReport:queue "..\..\..\..\..\..\..\..\..\Program Files (x86)\CMake\share\cmake-3.2\Modules\CheckFunctionExists.c"
  
  CheckFunctionExists.c
ManifestResourceCompile:
  C:\Program Files (x86)\Microsoft SDKs\Windows\v7.0A\bin\rc.exe /nologo /fo"cmTryCompileExec456451411.dir\Debug\cmTryCompileExec456451411.exe.embed.manifest.res" cmTryCompileExec456451411.dir\Debug\cmTryCompileExec456451411_manifest.rc 
Link:
  c:\Program Files (x86)\Microsoft Visual Studio 10.0\VC\bin\link.exe /ERRORREPORT:QUEUE /OUT:"C:\Users\JM246044\Dev\planning-rob\dependencies\nlopt-2.4.2\build\CMakeFiles\CMakeTmp\Debug\cmTryCompileExec456451411.exe" /INCREMENTAL /NOLOGO kernel32.lib user32.lib gdi32.lib winspool.lib shell32.lib ole32.lib oleaut32.lib uuid.lib comdlg32.lib advapi32.lib /MANIFEST /ManifestFile:"cmTryCompileExec456451411.dir\Debug\cmTryCompileExec456451411.exe.intermediate.manifest" /MANIFESTUAC:"level='asInvoker' uiAccess='false'" /DEBUG /PDB:"C:/Users/JM246044/Dev/planning-rob/dependencies/nlopt-2.4.2/build/CMakeFiles/CMakeTmp/Debug/cmTryCompileExec456451411.pdb" /SUBSYSTEM:CONSOLE /TLBID:1 /DYNAMICBASE /NXCOMPAT /IMPLIB:"C:/Users/JM246044/Dev/planning-rob/dependencies/nlopt-2.4.2/build/CMakeFiles/CMakeTmp/Debug/cmTryCompileExec456451411.lib" /MACHINE:X86 cmTryCompileExec456451411.dir\Debug\cmTryCompileExec456451411.exe.embed.manifest.res
  cmTryCompileExec456451411.dir\Debug\CheckFunctionExists.obj  /machine:X86 /debug 
CheckFunctionExists.obj : error LNK2019: unresolved external symbol _copysign referenced in function _main [C:\Users\JM246044\Dev\planning-rob\dependencies\nlopt-2.4.2\build\CMakeFiles\CMakeTmp\cmTryCompileExec456451411.vcxproj]
C:\Users\JM246044\Dev\planning-rob\dependencies\nlopt-2.4.2\build\CMakeFiles\CMakeTmp\Debug\cmTryCompileExec456451411.exe : fatal error LNK1120: 1 unresolved externals [C:\Users\JM246044\Dev\planning-rob\dependencies\nlopt-2.4.2\build\CMakeFiles\CMakeTmp\cmTryCompileExec456451411.vcxproj]
G‚n‚ration du projet "C:\Users\JM246044\Dev\planning-rob\dependencies\nlopt-2.4.2\build\CMakeFiles\CMakeTmp\cmTryCompileExec456451411.vcxproj" termin‚e (cibles par d‚faut) -- CHEC.

CHEC de la build.

"C:\Users\JM246044\Dev\planning-rob\dependencies\nlopt-2.4.2\build\CMakeFiles\CMakeTmp\cmTryCompileExec456451411.vcxproj" (cible par d‚faut) (1) ->
(Link cible) -> 
  CheckFunctionExists.obj : error LNK2019: unresolved external symbol _copysign referenced in function _main [C:\Users\JM246044\Dev\planning-rob\dependencies\nlopt-2.4.2\build\CMakeFiles\CMakeTmp\cmTryCompileExec456451411.vcxproj]
  C:\Users\JM246044\Dev\planning-rob\dependencies\nlopt-2.4.2\build\CMakeFiles\CMakeTmp\Debug\cmTryCompileExec456451411.exe : fatal error LNK1120: 1 unresolved externals [C:\Users\JM246044\Dev\planning-rob\dependencies\nlopt-2.4.2\build\CMakeFiles\CMakeTmp\cmTryCompileExec456451411.vcxproj]

    0 Avertissement(s)
    2 Erreur(s)

Temps ‚coul‚ 00:00:00.49


